BENZING (1977)


DATENABFRAGE...


PERSON

GND-NR. NAME GEBURTSDATUM STERBEDATUM WIRKUNGSORT WIRKUNGSZEITRAUM
1037532368 Martin Divinus  1645 Halle (Saale) | Weimar 
1037615972 Karl Francke   Halle (Saale) 
118534688 August Hermann Francke 22. März 1663 8. Juni 1727 Gotha | Erfurt | Kiel | Leipzig | Magdeburg | Halle (Saale) | Kröllwitz (Halle (Saale)) | Glaucha (Halle (Saale)) 
130528900 Simon Johann Hübner    
1036622681 Jakob Krusicke   Halle (Saale) 
1037532082 Joachim Krusicke 15XX 16XX Frankfurt (Oder) | Halle (Saale) 
1037517237 Christoph Mylius   Halle (Saale) 
1037522605 Christoph Friedrich Mylius   Halle (Saale) 
1037502086 Michael Oelschlägel   Halle (Saale) 
131798456 Johann Gottfried Renger  1718 Halle (Saale) 
124752853 Johann Georg Schwänder   Halle (Saale) | Osnabrück 
1037520149 Jobst Wetterkampf   Halle (Saale) 
1037503899 Johann Friedrich Zeitler   Halle (Saale) 


ORGANISATION

GND-NR. NAME WIRKUNGSORT WIRKUNGSZEITRAUM
6146285-8 Johann Fick Witwe und Erben Halle (Saale)  
